['resnet110', 'resnet110_nores', 'resnet1202', 'resnet1202_nores', 'resnet20', 'resnet20_nores', 'resnet32', 'resnet32_nores', 'resnet44', 'resnet44_nores', 'resnet56', 'resnet56_nores']
Files already downloaded and verified
current lr 1.00000e-02
Epoch: [0][0/391]	Time 12.042 (12.042)	Data 0.147 (0.147)	Loss 4.4918 (4.4918)	Prec@1 10.156 (10.156)
Epoch: [0][50/391]	Time 0.156 (0.390)	Data 0.000 (0.003)	Loss 2.0310 (2.2789)	Prec@1 28.125 (21.293)
Epoch: [0][100/391]	Time 0.164 (0.281)	Data 0.000 (0.002)	Loss 1.7814 (2.0435)	Prec@1 38.281 (26.431)
Epoch: [0][150/391]	Time 0.144 (0.241)	Data 0.001 (0.001)	Loss 1.6610 (1.9355)	Prec@1 34.375 (29.331)
Epoch: [0][200/391]	Time 0.184 (0.221)	Data 0.000 (0.001)	Loss 1.5466 (1.8533)	Prec@1 35.938 (32.004)
Epoch: [0][250/391]	Time 0.170 (0.209)	Data 0.000 (0.001)	Loss 1.5665 (1.7949)	Prec@1 41.406 (34.011)
Epoch: [0][300/391]	Time 0.170 (0.200)	Data 0.000 (0.001)	Loss 1.4298 (1.7452)	Prec@1 50.000 (35.841)
Epoch: [0][350/391]	Time 0.184 (0.195)	Data 0.000 (0.001)	Loss 1.5376 (1.7023)	Prec@1 41.406 (37.369)
Test: [0/79]	Time 0.297 (0.297)	Loss 1.3810 (1.3810)	Prec@1 49.219 (49.219)
Test: [50/79]	Time 0.094 (0.105)	Loss 1.4993 (1.4593)	Prec@1 46.875 (48.606)
 * Prec@1 48.150
current lr 1.00000e-02
Epoch: [1][0/391]	Time 0.328 (0.328)	Data 0.162 (0.162)	Loss 1.5019 (1.5019)	Prec@1 42.969 (42.969)
Epoch: [1][50/391]	Time 0.155 (0.158)	Data 0.000 (0.003)	Loss 1.3472 (1.3607)	Prec@1 46.875 (50.306)
Epoch: [1][100/391]	Time 0.143 (0.163)	Data 0.001 (0.002)	Loss 1.2158 (1.3461)	Prec@1 55.469 (51.098)
Epoch: [1][150/391]	Time 0.148 (0.162)	Data 0.000 (0.001)	Loss 1.2904 (1.3374)	Prec@1 53.906 (51.444)
Epoch: [1][200/391]	Time 0.129 (0.160)	Data 0.000 (0.001)	Loss 1.2710 (1.3240)	Prec@1 51.562 (51.936)
Epoch: [1][250/391]	Time 0.191 (0.161)	Data 0.000 (0.001)	Loss 1.2609 (1.3052)	Prec@1 50.781 (52.649)
Epoch: [1][300/391]	Time 0.157 (0.160)	Data 0.000 (0.001)	Loss 1.1891 (1.2881)	Prec@1 62.500 (53.307)
Epoch: [1][350/391]	Time 0.163 (0.159)	Data 0.000 (0.001)	Loss 1.3176 (1.2750)	Prec@1 50.000 (53.817)
Test: [0/79]	Time 0.275 (0.275)	Loss 1.0598 (1.0598)	Prec@1 62.500 (62.500)
Test: [50/79]	Time 0.084 (0.091)	Loss 1.3157 (1.2457)	Prec@1 51.562 (55.836)
 * Prec@1 55.840
current lr 1.00000e-02
Epoch: [2][0/391]	Time 0.323 (0.323)	Data 0.181 (0.181)	Loss 1.2334 (1.2334)	Prec@1 50.781 (50.781)
Epoch: [2][50/391]	Time 0.207 (0.147)	Data 0.000 (0.004)	Loss 1.1434 (1.1468)	Prec@1 62.500 (58.885)
Epoch: [2][100/391]	Time 0.124 (0.143)	Data 0.000 (0.002)	Loss 1.1718 (1.1455)	Prec@1 59.375 (59.112)
Epoch: [2][150/391]	Time 0.120 (0.145)	Data 0.000 (0.001)	Loss 1.0515 (1.1396)	Prec@1 59.375 (59.163)
Epoch: [2][200/391]	Time 0.123 (0.146)	Data 0.000 (0.001)	Loss 1.0746 (1.1301)	Prec@1 61.719 (59.534)
Epoch: [2][250/391]	Time 0.168 (0.145)	Data 0.000 (0.001)	Loss 1.1421 (1.1205)	Prec@1 59.375 (59.808)
Epoch: [2][300/391]	Time 0.138 (0.145)	Data 0.000 (0.001)	Loss 1.1146 (1.1094)	Prec@1 56.250 (60.156)
Epoch: [2][350/391]	Time 0.125 (0.144)	Data 0.000 (0.001)	Loss 0.9784 (1.0979)	Prec@1 63.281 (60.608)
Test: [0/79]	Time 0.281 (0.281)	Loss 1.1764 (1.1764)	Prec@1 60.156 (60.156)
Test: [50/79]	Time 0.080 (0.091)	Loss 1.2310 (1.1854)	Prec@1 60.938 (59.911)
 * Prec@1 60.010
current lr 1.00000e-02
Epoch: [3][0/391]	Time 0.358 (0.358)	Data 0.187 (0.187)	Loss 1.0375 (1.0375)	Prec@1 64.062 (64.062)
Epoch: [3][50/391]	Time 0.125 (0.145)	Data 0.000 (0.004)	Loss 0.8918 (1.0190)	Prec@1 70.312 (63.588)
Epoch: [3][100/391]	Time 0.124 (0.146)	Data 0.000 (0.002)	Loss 0.9661 (1.0209)	Prec@1 69.531 (63.537)
Epoch: [3][150/391]	Time 0.159 (0.145)	Data 0.000 (0.001)	Loss 1.0535 (1.0145)	Prec@1 66.406 (63.944)
Epoch: [3][200/391]	Time 0.147 (0.145)	Data 0.000 (0.001)	Loss 1.0484 (1.0039)	Prec@1 64.062 (64.377)
Epoch: [3][250/391]	Time 0.155 (0.145)	Data 0.000 (0.001)	Loss 0.7608 (0.9966)	Prec@1 75.781 (64.785)
Epoch: [3][300/391]	Time 0.155 (0.146)	Data 0.000 (0.001)	Loss 0.8686 (0.9912)	Prec@1 71.094 (64.901)
Epoch: [3][350/391]	Time 0.178 (0.146)	Data 0.000 (0.001)	Loss 0.9613 (0.9832)	Prec@1 67.969 (65.238)
Test: [0/79]	Time 0.276 (0.276)	Loss 0.8798 (0.8798)	Prec@1 65.625 (65.625)
Test: [50/79]	Time 0.084 (0.097)	Loss 1.0823 (0.9426)	Prec@1 68.750 (67.479)
 * Prec@1 67.160
current lr 1.00000e-02
Epoch: [4][0/391]	Time 0.320 (0.320)	Data 0.181 (0.181)	Loss 0.9992 (0.9992)	Prec@1 60.938 (60.938)
Epoch: [4][50/391]	Time 0.130 (0.148)	Data 0.000 (0.004)	Loss 0.8903 (0.9125)	Prec@1 67.969 (67.555)
Epoch: [4][100/391]	Time 0.134 (0.147)	Data 0.000 (0.002)	Loss 0.8683 (0.9060)	Prec@1 66.406 (67.512)
Epoch: [4][150/391]	Time 0.117 (0.147)	Data 0.000 (0.001)	Loss 0.8370 (0.8997)	Prec@1 72.656 (67.865)
Epoch: [4][200/391]	Time 0.177 (0.146)	Data 0.000 (0.001)	Loss 0.7456 (0.8992)	Prec@1 73.438 (68.012)
Epoch: [4][250/391]	Time 0.163 (0.145)	Data 0.000 (0.001)	Loss 0.8353 (0.8998)	Prec@1 71.094 (68.031)
Epoch: [4][300/391]	Time 0.132 (0.145)	Data 0.000 (0.001)	Loss 1.0182 (0.8957)	Prec@1 67.188 (68.270)
Epoch: [4][350/391]	Time 0.128 (0.144)	Data 0.000 (0.001)	Loss 0.7935 (0.8931)	Prec@1 71.094 (68.389)
Test: [0/79]	Time 0.266 (0.266)	Loss 0.8815 (0.8815)	Prec@1 67.969 (67.969)
Test: [50/79]	Time 0.081 (0.091)	Loss 1.0419 (0.9165)	Prec@1 67.969 (67.754)
 * Prec@1 67.880
current lr 1.00000e-02
Epoch: [5][0/391]	Time 0.307 (0.307)	Data 0.156 (0.156)	Loss 0.7739 (0.7739)	Prec@1 71.094 (71.094)
Epoch: [5][50/391]	Time 0.144 (0.149)	Data 0.000 (0.003)	Loss 0.6295 (0.8223)	Prec@1 74.219 (70.389)
Epoch: [5][100/391]	Time 0.169 (0.145)	Data 0.000 (0.002)	Loss 0.7887 (0.8246)	Prec@1 70.312 (70.769)
Epoch: [5][150/391]	Time 0.163 (0.146)	Data 0.000 (0.001)	Loss 0.9212 (0.8285)	Prec@1 67.969 (70.726)
Epoch: [5][200/391]	Time 0.160 (0.144)	Data 0.000 (0.001)	Loss 0.7289 (0.8220)	Prec@1 73.438 (70.969)
Epoch: [5][250/391]	Time 0.158 (0.144)	Data 0.000 (0.001)	Loss 0.6505 (0.8182)	Prec@1 77.344 (71.091)
Epoch: [5][300/391]	Time 0.126 (0.145)	Data 0.000 (0.001)	Loss 0.7841 (0.8169)	Prec@1 68.750 (71.187)
Epoch: [5][350/391]	Time 0.130 (0.144)	Data 0.000 (0.001)	Loss 0.7604 (0.8142)	Prec@1 70.312 (71.270)
Test: [0/79]	Time 0.295 (0.295)	Loss 0.7505 (0.7505)	Prec@1 72.656 (72.656)
Test: [50/79]	Time 0.075 (0.101)	Loss 0.9834 (0.8532)	Prec@1 77.344 (70.987)
 * Prec@1 70.770
current lr 1.00000e-02
Epoch: [6][0/391]	Time 0.334 (0.334)	Data 0.190 (0.190)	Loss 0.8484 (0.8484)	Prec@1 71.094 (71.094)
Epoch: [6][50/391]	Time 0.147 (0.146)	Data 0.000 (0.004)	Loss 0.7634 (0.7641)	Prec@1 72.656 (73.438)
Epoch: [6][100/391]	Time 0.196 (0.150)	Data 0.000 (0.002)	Loss 0.7525 (0.7835)	Prec@1 74.219 (72.478)
Epoch: [6][150/391]	Time 0.134 (0.148)	Data 0.000 (0.001)	Loss 0.7220 (0.7792)	Prec@1 78.125 (72.625)
Epoch: [6][200/391]	Time 0.168 (0.147)	Data 0.000 (0.001)	Loss 0.8135 (0.7734)	Prec@1 71.875 (72.695)
Epoch: [6][250/391]	Time 0.126 (0.147)	Data 0.000 (0.001)	Loss 0.6877 (0.7654)	Prec@1 75.781 (73.086)
Epoch: [6][300/391]	Time 0.199 (0.146)	Data 0.000 (0.001)	Loss 0.7991 (0.7637)	Prec@1 73.438 (73.113)
Epoch: [6][350/391]	Time 0.187 (0.147)	Data 0.000 (0.001)	Loss 0.7199 (0.7588)	Prec@1 73.438 (73.386)
Test: [0/79]	Time 0.277 (0.277)	Loss 0.8648 (0.8648)	Prec@1 68.750 (68.750)
Test: [50/79]	Time 0.100 (0.094)	Loss 0.9871 (0.8339)	Prec@1 73.438 (72.472)
 * Prec@1 72.400
current lr 1.00000e-02
Epoch: [7][0/391]	Time 0.325 (0.325)	Data 0.183 (0.183)	Loss 0.8284 (0.8284)	Prec@1 69.531 (69.531)
Epoch: [7][50/391]	Time 0.152 (0.152)	Data 0.000 (0.004)	Loss 0.6848 (0.7371)	Prec@1 75.781 (74.203)
Epoch: [7][100/391]	Time 0.155 (0.148)	Data 0.000 (0.002)	Loss 0.6649 (0.7146)	Prec@1 75.781 (75.162)
Epoch: [7][150/391]	Time 0.145 (0.146)	Data 0.000 (0.001)	Loss 0.7133 (0.7121)	Prec@1 74.219 (75.300)
Epoch: [7][200/391]	Time 0.113 (0.145)	Data 0.000 (0.001)	Loss 0.6851 (0.7132)	Prec@1 75.781 (75.284)
Epoch: [7][250/391]	Time 0.125 (0.144)	Data 0.000 (0.001)	Loss 0.6118 (0.7088)	Prec@1 75.781 (75.293)
Epoch: [7][300/391]	Time 0.157 (0.144)	Data 0.000 (0.001)	Loss 0.6410 (0.7072)	Prec@1 78.125 (75.335)
Epoch: [7][350/391]	Time 0.118 (0.144)	Data 0.000 (0.001)	Loss 0.6919 (0.7060)	Prec@1 74.219 (75.392)
Test: [0/79]	Time 0.283 (0.283)	Loss 0.6345 (0.6345)	Prec@1 76.562 (76.562)
Test: [50/79]	Time 0.080 (0.095)	Loss 0.8416 (0.7019)	Prec@1 75.781 (76.823)
 * Prec@1 76.470
current lr 1.00000e-02
Epoch: [8][0/391]	Time 0.311 (0.311)	Data 0.183 (0.183)	Loss 0.6081 (0.6081)	Prec@1 80.469 (80.469)
Epoch: [8][50/391]	Time 0.118 (0.143)	Data 0.000 (0.004)	Loss 0.5524 (0.6687)	Prec@1 82.812 (76.517)
Epoch: [8][100/391]	Time 0.141 (0.146)	Data 0.000 (0.002)	Loss 0.5471 (0.6519)	Prec@1 78.906 (77.166)
Epoch: [8][150/391]	Time 0.167 (0.145)	Data 0.000 (0.001)	Loss 0.7085 (0.6601)	Prec@1 74.219 (77.106)
Epoch: [8][200/391]	Time 0.138 (0.145)	Data 0.000 (0.001)	Loss 0.6477 (0.6619)	Prec@1 76.562 (77.111)
Epoch: [8][250/391]	Time 0.118 (0.144)	Data 0.000 (0.001)	Loss 0.6098 (0.6625)	Prec@1 73.438 (77.008)
Epoch: [8][300/391]	Time 0.128 (0.144)	Data 0.000 (0.001)	Loss 0.7597 (0.6628)	Prec@1 74.219 (76.843)
Epoch: [8][350/391]	Time 0.165 (0.145)	Data 0.000 (0.001)	Loss 0.5787 (0.6611)	Prec@1 78.906 (76.850)
Test: [0/79]	Time 0.354 (0.354)	Loss 0.6199 (0.6199)	Prec@1 74.219 (74.219)
Test: [50/79]	Time 0.110 (0.093)	Loss 0.7007 (0.7085)	Prec@1 75.000 (75.582)
 * Prec@1 75.220
current lr 1.00000e-02
Epoch: [9][0/391]	Time 0.348 (0.348)	Data 0.185 (0.185)	Loss 0.4688 (0.4688)	Prec@1 83.594 (83.594)
Epoch: [9][50/391]	Time 0.159 (0.147)	Data 0.000 (0.004)	Loss 0.6614 (0.6264)	Prec@1 72.656 (78.355)
Epoch: [9][100/391]	Time 0.130 (0.144)	Data 0.000 (0.002)	Loss 0.6551 (0.6369)	Prec@1 78.906 (78.071)
Epoch: [9][150/391]	Time 0.163 (0.145)	Data 0.000 (0.001)	Loss 0.8422 (0.6345)	Prec@1 75.000 (78.347)
Epoch: [9][200/391]	Time 0.163 (0.146)	Data 0.000 (0.001)	Loss 0.5185 (0.6331)	Prec@1 83.594 (78.370)
Epoch: [9][250/391]	Time 0.125 (0.145)	Data 0.000 (0.001)	Loss 0.6019 (0.6309)	Prec@1 77.344 (78.330)
Epoch: [9][300/391]	Time 0.163 (0.145)	Data 0.000 (0.001)	Loss 0.5140 (0.6328)	Prec@1 83.594 (78.234)
Epoch: [9][350/391]	Time 0.147 (0.144)	Data 0.000 (0.001)	Loss 0.6039 (0.6307)	Prec@1 76.562 (78.265)
Test: [0/79]	Time 0.324 (0.324)	Loss 0.6401 (0.6401)	Prec@1 78.125 (78.125)
Test: [50/79]	Time 0.076 (0.090)	Loss 0.7633 (0.7101)	Prec@1 74.219 (76.731)
 * Prec@1 76.560
current lr 1.00000e-02
Epoch: [10][0/391]	Time 0.309 (0.309)	Data 0.175 (0.175)	Loss 0.6110 (0.6110)	Prec@1 79.688 (79.688)
Epoch: [10][50/391]	Time 0.120 (0.145)	Data 0.000 (0.004)	Loss 0.7313 (0.5979)	Prec@1 75.000 (79.213)
Epoch: [10][100/391]	Time 0.150 (0.144)	Data 0.000 (0.002)	Loss 0.6153 (0.5885)	Prec@1 75.781 (79.455)
Epoch: [10][150/391]	Time 0.113 (0.144)	Data 0.000 (0.001)	Loss 0.4237 (0.5953)	Prec@1 85.938 (79.232)
Epoch: [10][200/391]	Time 0.178 (0.143)	Data 0.000 (0.001)	Loss 0.7879 (0.5978)	Prec@1 75.781 (79.241)
Epoch: [10][250/391]	Time 0.123 (0.142)	Data 0.000 (0.001)	Loss 0.6246 (0.5977)	Prec@1 79.688 (79.171)
Epoch: [10][300/391]	Time 0.132 (0.142)	Data 0.000 (0.001)	Loss 0.4390 (0.5959)	Prec@1 80.469 (79.236)
Epoch: [10][350/391]	Time 0.127 (0.142)	Data 0.000 (0.001)	Loss 0.5748 (0.5974)	Prec@1 82.031 (79.171)
Test: [0/79]	Time 0.282 (0.282)	Loss 0.5979 (0.5979)	Prec@1 80.469 (80.469)
Test: [50/79]	Time 0.074 (0.092)	Loss 0.6808 (0.6533)	Prec@1 77.344 (78.064)
 * Prec@1 78.230
current lr 1.00000e-02
Epoch: [11][0/391]	Time 0.322 (0.322)	Data 0.188 (0.188)	Loss 0.4554 (0.4554)	Prec@1 85.156 (85.156)
Epoch: [11][50/391]	Time 0.128 (0.150)	Data 0.000 (0.004)	Loss 0.5437 (0.5681)	Prec@1 81.250 (80.407)
Epoch: [11][100/391]	Time 0.129 (0.145)	Data 0.000 (0.002)	Loss 0.7561 (0.5628)	Prec@1 69.531 (80.569)
Epoch: [11][150/391]	Time 0.144 (0.146)	Data 0.000 (0.001)	Loss 0.4756 (0.5688)	Prec@1 76.562 (80.355)
Epoch: [11][200/391]	Time 0.127 (0.144)	Data 0.000 (0.001)	Loss 0.5030 (0.5670)	Prec@1 82.031 (80.403)
Epoch: [11][250/391]	Time 0.118 (0.144)	Data 0.000 (0.001)	Loss 0.5509 (0.5674)	Prec@1 82.031 (80.322)
Epoch: [11][300/391]	Time 0.125 (0.145)	Data 0.000 (0.001)	Loss 0.5366 (0.5671)	Prec@1 81.250 (80.321)
Epoch: [11][350/391]	Time 0.125 (0.144)	Data 0.000 (0.001)	Loss 0.8277 (0.5705)	Prec@1 71.094 (80.255)
Test: [0/79]	Time 0.302 (0.302)	Loss 0.6201 (0.6201)	Prec@1 75.000 (75.000)
Test: [50/79]	Time 0.116 (0.097)	Loss 0.6962 (0.6407)	Prec@1 78.125 (78.339)
 * Prec@1 78.290
current lr 1.00000e-02
Epoch: [12][0/391]	Time 0.311 (0.311)	Data 0.183 (0.183)	Loss 0.4999 (0.4999)	Prec@1 83.594 (83.594)
Epoch: [12][50/391]	Time 0.127 (0.144)	Data 0.000 (0.004)	Loss 0.4421 (0.5374)	Prec@1 84.375 (81.694)
Epoch: [12][100/391]	Time 0.147 (0.144)	Data 0.000 (0.002)	Loss 0.4798 (0.5432)	Prec@1 83.594 (81.320)
Epoch: [12][150/391]	Time 0.126 (0.144)	Data 0.000 (0.001)	Loss 0.5176 (0.5500)	Prec@1 82.812 (80.955)
Epoch: [12][200/391]	Time 0.115 (0.145)	Data 0.000 (0.001)	Loss 0.5301 (0.5477)	Prec@1 82.031 (81.137)
Epoch: [12][250/391]	Time 0.146 (0.143)	Data 0.000 (0.001)	Loss 0.7439 (0.5464)	Prec@1 78.125 (81.122)
Epoch: [12][300/391]	Time 0.168 (0.144)	Data 0.000 (0.001)	Loss 0.5943 (0.5466)	Prec@1 80.469 (81.009)
Epoch: [12][350/391]	Time 0.118 (0.144)	Data 0.000 (0.001)	Loss 0.4941 (0.5489)	Prec@1 81.250 (80.907)
Test: [0/79]	Time 0.286 (0.286)	Loss 0.5650 (0.5650)	Prec@1 78.125 (78.125)
Test: [50/79]	Time 0.095 (0.103)	Loss 0.7238 (0.6043)	Prec@1 75.781 (80.316)
 * Prec@1 80.040
current lr 1.00000e-02
Epoch: [13][0/391]	Time 0.349 (0.349)	Data 0.177 (0.177)	Loss 0.4814 (0.4814)	Prec@1 82.812 (82.812)
Epoch: [13][50/391]	Time 0.126 (0.154)	Data 0.000 (0.004)	Loss 0.5465 (0.5335)	Prec@1 84.375 (81.556)
Epoch: [13][100/391]	Time 0.160 (0.150)	Data 0.000 (0.002)	Loss 0.5815 (0.5342)	Prec@1 80.469 (81.683)
Epoch: [13][150/391]	Time 0.124 (0.146)	Data 0.000 (0.001)	Loss 0.5745 (0.5301)	Prec@1 81.250 (81.788)
Epoch: [13][200/391]	Time 0.156 (0.147)	Data 0.000 (0.001)	Loss 0.6184 (0.5333)	Prec@1 80.469 (81.709)
Epoch: [13][250/391]	Time 0.120 (0.145)	Data 0.000 (0.001)	Loss 0.6075 (0.5304)	Prec@1 82.031 (81.869)
Epoch: [13][300/391]	Time 0.128 (0.145)	Data 0.000 (0.001)	Loss 0.5720 (0.5285)	Prec@1 78.906 (81.927)
Epoch: [13][350/391]	Time 0.162 (0.145)	Data 0.000 (0.001)	Loss 0.4686 (0.5285)	Prec@1 81.250 (81.862)
Test: [0/79]	Time 0.290 (0.290)	Loss 0.7153 (0.7153)	Prec@1 73.438 (73.438)
Test: [50/79]	Time 0.077 (0.101)	Loss 1.0669 (0.8937)	Prec@1 70.312 (72.825)
 * Prec@1 72.550
current lr 1.00000e-02
Epoch: [14][0/391]	Time 0.343 (0.343)	Data 0.196 (0.196)	Loss 0.5290 (0.5290)	Prec@1 79.688 (79.688)
Epoch: [14][50/391]	Time 0.160 (0.140)	Data 0.000 (0.004)	Loss 0.3758 (0.5056)	Prec@1 88.281 (82.368)
Epoch: [14][100/391]	Time 0.115 (0.145)	Data 0.000 (0.002)	Loss 0.5446 (0.5169)	Prec@1 82.812 (82.054)
Epoch: [14][150/391]	Time 0.121 (0.144)	Data 0.000 (0.001)	Loss 0.4040 (0.5135)	Prec@1 85.156 (82.337)
Epoch: [14][200/391]	Time 0.118 (0.144)	Data 0.000 (0.001)	Loss 0.5419 (0.5061)	Prec@1 80.469 (82.638)
Epoch: [14][250/391]	Time 0.157 (0.143)	Data 0.000 (0.001)	Loss 0.4473 (0.5054)	Prec@1 82.812 (82.688)
Epoch: [14][300/391]	Time 0.171 (0.143)	Data 0.000 (0.001)	Loss 0.5265 (0.5062)	Prec@1 81.250 (82.649)
Epoch: [14][350/391]	Time 0.146 (0.143)	Data 0.000 (0.001)	Loss 0.4833 (0.5070)	Prec@1 83.594 (82.585)
Test: [0/79]	Time 0.285 (0.285)	Loss 0.6309 (0.6309)	Prec@1 78.906 (78.906)
Test: [50/79]	Time 0.113 (0.100)	Loss 0.6724 (0.6273)	Prec@1 78.125 (79.427)
 * Prec@1 79.320
current lr 1.00000e-02
Epoch: [15][0/391]	Time 0.319 (0.319)	Data 0.191 (0.191)	Loss 0.4181 (0.4181)	Prec@1 87.500 (87.500)
Epoch: [15][50/391]	Time 0.135 (0.146)	Data 0.000 (0.004)	Loss 0.5448 (0.4839)	Prec@1 84.375 (83.333)
Epoch: [15][100/391]	Time 0.130 (0.144)	Data 0.000 (0.002)	Loss 0.4982 (0.4898)	Prec@1 80.469 (82.890)
Epoch: [15][150/391]	Time 0.121 (0.146)	Data 0.000 (0.001)	Loss 0.5062 (0.4892)	Prec@1 84.375 (83.019)
Epoch: [15][200/391]	Time 0.126 (0.144)	Data 0.000 (0.001)	Loss 0.4830 (0.4881)	Prec@1 83.594 (83.061)
Epoch: [15][250/391]	Time 0.120 (0.144)	Data 0.000 (0.001)	Loss 0.4845 (0.4880)	Prec@1 85.156 (83.049)
Epoch: [15][300/391]	Time 0.184 (0.144)	Data 0.000 (0.001)	Loss 0.5427 (0.4903)	Prec@1 84.375 (83.036)
Epoch: [15][350/391]	Time 0.145 (0.143)	Data 0.000 (0.001)	Loss 0.3871 (0.4896)	Prec@1 85.938 (82.993)
Test: [0/79]	Time 0.276 (0.276)	Loss 0.3632 (0.3632)	Prec@1 85.938 (85.938)
Test: [50/79]	Time 0.073 (0.092)	Loss 0.5700 (0.5278)	Prec@1 82.812 (82.812)
 * Prec@1 82.820
current lr 1.00000e-02
Epoch: [16][0/391]	Time 0.322 (0.322)	Data 0.188 (0.188)	Loss 0.4857 (0.4857)	Prec@1 85.156 (85.156)
Epoch: [16][50/391]	Time 0.142 (0.148)	Data 0.000 (0.004)	Loss 0.4702 (0.4484)	Prec@1 83.594 (84.329)
Epoch: [16][100/391]	Time 0.157 (0.145)	Data 0.000 (0.002)	Loss 0.5140 (0.4732)	Prec@1 79.688 (83.338)
Epoch: [16][150/391]	Time 0.126 (0.144)	Data 0.000 (0.001)	Loss 0.4310 (0.4762)	Prec@1 85.156 (83.299)
Epoch: [16][200/391]	Time 0.174 (0.144)	Data 0.000 (0.001)	Loss 0.4117 (0.4752)	Prec@1 86.719 (83.481)
Epoch: [16][250/391]	Time 0.122 (0.144)	Data 0.000 (0.001)	Loss 0.4189 (0.4743)	Prec@1 86.719 (83.594)
Epoch: [16][300/391]	Time 0.129 (0.144)	Data 0.000 (0.001)	Loss 0.5857 (0.4759)	Prec@1 75.781 (83.513)
Epoch: [16][350/391]	Time 0.148 (0.144)	Data 0.000 (0.001)	Loss 0.5965 (0.4757)	Prec@1 78.125 (83.565)
Test: [0/79]	Time 0.255 (0.255)	Loss 0.6532 (0.6532)	Prec@1 79.688 (79.688)
Test: [50/79]	Time 0.079 (0.092)	Loss 0.7122 (0.6770)	Prec@1 79.688 (78.937)
 * Prec@1 79.070
current lr 1.00000e-02
Epoch: [17][0/391]	Time 0.318 (0.318)	Data 0.184 (0.184)	Loss 0.5008 (0.5008)	Prec@1 85.156 (85.156)
Epoch: [17][50/391]	Time 0.128 (0.147)	Data 0.000 (0.004)	Loss 0.4133 (0.4614)	Prec@1 85.156 (84.252)
Epoch: [17][100/391]	Time 0.157 (0.144)	Data 0.000 (0.002)	Loss 0.4420 (0.4546)	Prec@1 85.938 (84.398)
Epoch: [17][150/391]	Time 0.188 (0.145)	Data 0.000 (0.001)	Loss 0.3561 (0.4556)	Prec@1 85.938 (84.303)
Epoch: [17][200/391]	Time 0.122 (0.145)	Data 0.000 (0.001)	Loss 0.4477 (0.4582)	Prec@1 85.938 (84.115)
Epoch: [17][250/391]	Time 0.164 (0.144)	Data 0.000 (0.001)	Loss 0.4816 (0.4580)	Prec@1 85.156 (84.107)
Epoch: [17][300/391]	Time 0.155 (0.143)	Data 0.000 (0.001)	Loss 0.5282 (0.4587)	Prec@1 81.250 (84.043)
Epoch: [17][350/391]	Time 0.172 (0.144)	Data 0.000 (0.001)	Loss 0.4597 (0.4581)	Prec@1 79.688 (84.046)
Test: [0/79]	Time 0.280 (0.280)	Loss 0.4487 (0.4487)	Prec@1 82.812 (82.812)
Test: [50/79]	Time 0.105 (0.095)	Loss 0.6594 (0.5201)	Prec@1 78.125 (82.950)
 * Prec@1 82.870
current lr 1.00000e-02
Epoch: [18][0/391]	Time 0.311 (0.311)	Data 0.183 (0.183)	Loss 0.4314 (0.4314)	Prec@1 85.156 (85.156)
Epoch: [18][50/391]	Time 0.160 (0.146)	Data 0.000 (0.004)	Loss 0.4111 (0.4530)	Prec@1 85.156 (84.421)
Epoch: [18][100/391]	Time 0.124 (0.145)	Data 0.000 (0.002)	Loss 0.3475 (0.4375)	Prec@1 86.719 (84.855)
Epoch: [18][150/391]	Time 0.122 (0.143)	Data 0.000 (0.001)	Loss 0.4362 (0.4413)	Prec@1 84.375 (84.504)
Epoch: [18][200/391]	Time 0.119 (0.143)	Data 0.000 (0.001)	Loss 0.4959 (0.4402)	Prec@1 84.375 (84.527)
Epoch: [18][250/391]	Time 0.157 (0.143)	Data 0.000 (0.001)	Loss 0.4492 (0.4437)	Prec@1 82.031 (84.437)
Epoch: [18][300/391]	Time 0.123 (0.143)	Data 0.000 (0.001)	Loss 0.4766 (0.4440)	Prec@1 82.031 (84.450)
Epoch: [18][350/391]	Time 0.157 (0.143)	Data 0.000 (0.001)	Loss 0.4968 (0.4451)	Prec@1 81.250 (84.431)
Test: [0/79]	Time 0.278 (0.278)	Loss 0.4352 (0.4352)	Prec@1 85.938 (85.938)
Test: [50/79]	Time 0.086 (0.096)	Loss 0.6436 (0.5703)	Prec@1 81.250 (81.817)
 * Prec@1 81.660
current lr 1.00000e-02
Epoch: [19][0/391]	Time 0.323 (0.323)	Data 0.176 (0.176)	Loss 0.4259 (0.4259)	Prec@1 85.156 (85.156)
Epoch: [19][50/391]	Time 0.156 (0.150)	Data 0.000 (0.004)	Loss 0.4942 (0.4340)	Prec@1 83.594 (85.080)
Epoch: [19][100/391]	Time 0.180 (0.147)	Data 0.000 (0.002)	Loss 0.4086 (0.4341)	Prec@1 82.812 (84.901)
Epoch: [19][150/391]	Time 0.152 (0.145)	Data 0.000 (0.001)	Loss 0.4182 (0.4308)	Prec@1 80.469 (84.898)
Epoch: [19][200/391]	Time 0.123 (0.145)	Data 0.000 (0.001)	Loss 0.5177 (0.4305)	Prec@1 82.031 (84.900)
Epoch: [19][250/391]	Time 0.156 (0.145)	Data 0.000 (0.001)	Loss 0.6579 (0.4327)	Prec@1 81.250 (84.836)
Epoch: [19][300/391]	Time 0.127 (0.145)	Data 0.000 (0.001)	Loss 0.4366 (0.4325)	Prec@1 86.719 (84.858)
Epoch: [19][350/391]	Time 0.129 (0.144)	Data 0.000 (0.001)	Loss 0.7398 (0.4336)	Prec@1 75.000 (84.898)
Test: [0/79]	Time 0.311 (0.311)	Loss 0.4150 (0.4150)	Prec@1 85.938 (85.938)
Test: [50/79]	Time 0.077 (0.093)	Loss 0.5659 (0.5032)	Prec@1 82.031 (83.395)
 * Prec@1 83.340
current lr 1.00000e-02
Epoch: [20][0/391]	Time 0.315 (0.315)	Data 0.178 (0.178)	Loss 0.4026 (0.4026)	Prec@1 84.375 (84.375)
Epoch: [20][50/391]	Time 0.165 (0.149)	Data 0.000 (0.004)	Loss 0.5967 (0.3851)	Prec@1 82.031 (86.504)
ERROR: Unexpected bus error encountered in worker. This might be caused by insufficient shared memory (shm).
 Traceback (most recent call last):
  File "/home/sonic/miniconda3/envs/IDSL/lib/python3.11/site-packages/torch/utils/data/dataloader.py", line 1132, in _try_get_data
    data = self._data_queue.get(timeout=timeout)
           ^^^^^^^^^^^^^^^^^^^^^^^^^^^^^^^^^^^^^
  File "/home/sonic/miniconda3/envs/IDSL/lib/python3.11/queue.py", line 180, in get
    self.not_empty.wait(remaining)
  File "/home/sonic/miniconda3/envs/IDSL/lib/python3.11/threading.py", line 331, in wait
    gotit = waiter.acquire(True, timeout)
            ^^^^^^^^^^^^^^^^^^^^^^^^^^^^^
  File "/home/sonic/miniconda3/envs/IDSL/lib/python3.11/site-packages/torch/utils/data/_utils/signal_handling.py", line 66, in handler
    _error_if_any_worker_fails()
RuntimeError: DataLoader worker (pid 9564) is killed by signal: Bus error. It is possible that dataloader's workers are out of shared memory. Please try to raise your shared memory limit.

The above exception was the direct cause of the following exception:

Traceback (most recent call last):
  File "/home/sonic/idsl/resnet_cifar10/trainer.py", line 311, in <module>
    main()
  File "/home/sonic/idsl/resnet_cifar10/trainer.py", line 143, in main
    train(train_loader, model, criterion, optimizer, epoch)
  File "/home/sonic/idsl/resnet_cifar10/trainer.py", line 179, in train
    for i, (input, target) in enumerate(train_loader):
  File "/home/sonic/miniconda3/envs/IDSL/lib/python3.11/site-packages/torch/utils/data/dataloader.py", line 630, in __next__
    data = self._next_data()
           ^^^^^^^^^^^^^^^^^
  File "/home/sonic/miniconda3/envs/IDSL/lib/python3.11/site-packages/torch/utils/data/dataloader.py", line 1328, in _next_data
    idx, data = self._get_data()
                ^^^^^^^^^^^^^^^^
  File "/home/sonic/miniconda3/envs/IDSL/lib/python3.11/site-packages/torch/utils/data/dataloader.py", line 1284, in _get_data
    success, data = self._try_get_data()
                    ^^^^^^^^^^^^^^^^^^^^
  File "/home/sonic/miniconda3/envs/IDSL/lib/python3.11/site-packages/torch/utils/data/dataloader.py", line 1145, in _try_get_data
    raise RuntimeError(f'DataLoader worker (pid(s) {pids_str}) exited unexpectedly') from e
RuntimeError: DataLoader worker (pid(s) 9564) exited unexpectedly
['resnet110', 'resnet110_nores', 'resnet1202', 'resnet1202_nores', 'resnet20', 'resnet20_nores', 'resnet32', 'resnet32_nores', 'resnet44', 'resnet44_nores', 'resnet56', 'resnet56_nores']
trainer_1
Files already downloaded and verified
current lr 1.00000e-01
Epoch: [0][0/391]	Time 10.238 (10.238)	Data 0.136 (0.136)	Loss 2.8345 (2.8345)	Prec@1 12.500 (12.500)
Epoch: [0][50/391]	Time 0.137 (0.341)	Data 0.000 (0.003)	Loss 1.8824 (2.4649)	Prec@1 27.344 (19.975)
Epoch: [0][100/391]	Time 0.151 (0.243)	Data 0.000 (0.002)	Loss 1.7424 (2.1492)	Prec@1 35.156 (25.325)
Epoch: [0][150/391]	Time 0.146 (0.209)	Data 0.000 (0.001)	Loss 1.6382 (1.9990)	Prec@1 38.281 (28.787)
Epoch: [0][200/391]	Time 0.148 (0.194)	Data 0.000 (0.001)	Loss 1.6534 (1.8967)	Prec@1 42.969 (31.732)
Epoch: [0][250/391]	Time 0.141 (0.182)	Data 0.000 (0.001)	Loss 1.5342 (1.8202)	Prec@1 46.094 (34.369)
Epoch: [0][300/391]	Time 0.140 (0.175)	Data 0.000 (0.001)	Loss 1.3671 (1.7656)	Prec@1 46.875 (36.179)
Epoch: [0][350/391]	Time 0.127 (0.169)	Data 0.000 (0.001)	Loss 1.5514 (1.7168)	Prec@1 44.531 (37.803)
Test: [0/79]	Time 0.260 (0.260)	Loss 1.2468 (1.2468)	Prec@1 56.250 (56.250)
Test: [50/79]	Time 0.086 (0.091)	Loss 1.3084 (1.2864)	Prec@1 53.906 (53.968)
 * Prec@1 53.510
current lr 9.99938e-02
Epoch: [1][0/391]	Time 0.276 (0.276)	Data 0.129 (0.129)	Loss 1.4017 (1.4017)	Prec@1 46.875 (46.875)
Epoch: [1][50/391]	Time 0.140 (0.138)	Data 0.000 (0.003)	Loss 1.1910 (1.2996)	Prec@1 60.156 (52.803)
Epoch: [1][100/391]	Time 0.135 (0.141)	Data 0.000 (0.001)	Loss 1.1540 (1.2726)	Prec@1 56.250 (53.976)
Epoch: [1][150/391]	Time 0.144 (0.143)	Data 0.000 (0.001)	Loss 1.1704 (1.2443)	Prec@1 58.594 (55.148)
Epoch: [1][200/391]	Time 0.126 (0.143)	Data 0.000 (0.001)	Loss 1.0219 (1.2224)	Prec@1 64.844 (55.962)
Epoch: [1][250/391]	Time 0.138 (0.142)	Data 0.000 (0.001)	Loss 1.0978 (1.1965)	Prec@1 59.375 (56.904)
Epoch: [1][300/391]	Time 0.132 (0.143)	Data 0.000 (0.001)	Loss 1.0027 (1.1759)	Prec@1 64.062 (57.709)
Epoch: [1][350/391]	Time 0.137 (0.142)	Data 0.000 (0.001)	Loss 1.1606 (1.1532)	Prec@1 55.469 (58.558)
Test: [0/79]	Time 0.265 (0.265)	Loss 1.0215 (1.0215)	Prec@1 64.062 (64.062)
Test: [50/79]	Time 0.092 (0.095)	Loss 1.0819 (1.0413)	Prec@1 64.062 (62.561)
 * Prec@1 62.820
current lr 9.99753e-02
Epoch: [2][0/391]	Time 0.325 (0.325)	Data 0.166 (0.166)	Loss 0.9450 (0.9450)	Prec@1 67.969 (67.969)
Epoch: [2][50/391]	Time 0.116 (0.139)	Data 0.000 (0.003)	Loss 0.9298 (0.9628)	Prec@1 68.750 (65.380)
Epoch: [2][100/391]	Time 0.138 (0.141)	Data 0.000 (0.002)	Loss 0.9610 (0.9599)	Prec@1 67.188 (65.470)
Epoch: [2][150/391]	Time 0.131 (0.141)	Data 0.000 (0.001)	Loss 0.8477 (0.9420)	Prec@1 68.750 (66.292)
Epoch: [2][200/391]	Time 0.132 (0.140)	Data 0.000 (0.001)	Loss 0.8676 (0.9273)	Prec@1 70.312 (66.985)
Epoch: [2][250/391]	Time 0.132 (0.141)	Data 0.000 (0.001)	Loss 0.8541 (0.9196)	Prec@1 69.531 (67.331)
Epoch: [2][300/391]	Time 0.144 (0.141)	Data 0.000 (0.001)	Loss 0.8510 (0.9103)	Prec@1 69.531 (67.738)
Epoch: [2][350/391]	Time 0.141 (0.141)	Data 0.000 (0.001)	Loss 0.9261 (0.8997)	Prec@1 69.531 (68.189)
Test: [0/79]	Time 0.270 (0.270)	Loss 0.9121 (0.9121)	Prec@1 67.188 (67.188)
Test: [50/79]	Time 0.087 (0.093)	Loss 0.8598 (0.8872)	Prec@1 70.312 (70.251)
 * Prec@1 70.290
current lr 9.99445e-02
Epoch: [3][0/391]	Time 0.307 (0.307)	Data 0.163 (0.163)	Loss 0.7713 (0.7713)	Prec@1 71.875 (71.875)
Epoch: [3][50/391]	Time 0.129 (0.141)	Data 0.000 (0.003)	Loss 0.8036 (0.7880)	Prec@1 70.312 (72.074)
Epoch: [3][100/391]	Time 0.151 (0.140)	Data 0.000 (0.002)	Loss 0.7261 (0.7863)	Prec@1 71.094 (72.440)
Epoch: [3][150/391]	Time 0.138 (0.140)	Data 0.000 (0.001)	Loss 0.7396 (0.7821)	Prec@1 75.000 (72.615)
Epoch: [3][200/391]	Time 0.136 (0.140)	Data 0.000 (0.001)	Loss 0.6753 (0.7763)	Prec@1 75.000 (72.796)
Epoch: [3][250/391]	Time 0.130 (0.139)	Data 0.000 (0.001)	Loss 0.8649 (0.7720)	Prec@1 67.188 (72.827)
Epoch: [3][300/391]	Time 0.139 (0.140)	Data 0.000 (0.001)	Loss 0.9810 (0.7690)	Prec@1 71.094 (73.007)
Epoch: [3][350/391]	Time 0.132 (0.140)	Data 0.000 (0.001)	Loss 0.6449 (0.7620)	Prec@1 75.781 (73.259)
Test: [0/79]	Time 0.262 (0.262)	Loss 0.6411 (0.6411)	Prec@1 77.344 (77.344)
Test: [50/79]	Time 0.088 (0.095)	Loss 0.7952 (0.7019)	Prec@1 71.094 (76.486)
 * Prec@1 76.010
current lr 9.99013e-02
Epoch: [4][0/391]	Time 0.357 (0.357)	Data 0.178 (0.178)	Loss 0.7368 (0.7368)	Prec@1 76.562 (76.562)
Epoch: [4][50/391]	Time 0.135 (0.142)	Data 0.000 (0.004)	Loss 0.7501 (0.6911)	Prec@1 75.781 (75.613)
Epoch: [4][100/391]	Time 0.142 (0.141)	Data 0.000 (0.002)	Loss 0.6590 (0.6946)	Prec@1 75.781 (75.797)
Epoch: [4][150/391]	Time 0.140 (0.140)	Data 0.000 (0.001)	Loss 0.5103 (0.6841)	Prec@1 78.125 (76.112)
Epoch: [4][200/391]	Time 0.137 (0.141)	Data 0.000 (0.001)	Loss 0.6070 (0.6767)	Prec@1 77.344 (76.496)
Epoch: [4][250/391]	Time 0.138 (0.141)	Data 0.000 (0.001)	Loss 0.7373 (0.6748)	Prec@1 71.094 (76.475)
Epoch: [4][300/391]	Time 0.150 (0.141)	Data 0.000 (0.001)	Loss 0.6217 (0.6744)	Prec@1 80.469 (76.492)
Epoch: [4][350/391]	Time 0.141 (0.141)	Data 0.000 (0.001)	Loss 0.5685 (0.6706)	Prec@1 78.906 (76.683)
Test: [0/79]	Time 0.256 (0.256)	Loss 0.6148 (0.6148)	Prec@1 75.781 (75.781)
Test: [50/79]	Time 0.078 (0.090)	Loss 0.6919 (0.7322)	Prec@1 75.000 (74.326)
 * Prec@1 74.720
current lr 9.98459e-02
Epoch: [5][0/391]	Time 0.310 (0.310)	Data 0.167 (0.167)	Loss 0.5827 (0.5827)	Prec@1 82.031 (82.031)
Epoch: [5][50/391]	Time 0.147 (0.148)	Data 0.000 (0.003)	Loss 0.5179 (0.6214)	Prec@1 80.469 (78.385)
Epoch: [5][100/391]	Time 0.137 (0.145)	Data 0.000 (0.002)	Loss 0.6864 (0.6275)	Prec@1 76.562 (78.620)
Epoch: [5][150/391]	Time 0.136 (0.143)	Data 0.000 (0.001)	Loss 0.5540 (0.6231)	Prec@1 82.031 (78.668)
Epoch: [5][200/391]	Time 0.130 (0.142)	Data 0.000 (0.001)	Loss 0.5941 (0.6140)	Prec@1 77.344 (78.957)
Epoch: [5][250/391]	Time 0.151 (0.142)	Data 0.000 (0.001)	Loss 0.6384 (0.6142)	Prec@1 78.906 (78.925)
Epoch: [5][300/391]	Time 0.156 (0.142)	Data 0.000 (0.001)	Loss 0.6051 (0.6114)	Prec@1 82.812 (78.922)
Epoch: [5][350/391]	Time 0.129 (0.142)	Data 0.000 (0.001)	Loss 0.7266 (0.6111)	Prec@1 80.469 (78.955)
Test: [0/79]	Time 0.280 (0.280)	Loss 0.5039 (0.5039)	Prec@1 80.469 (80.469)
